Starting ChromeDriver 125.0.6422.141 (4b1e83937122185343ba92e909b021f307c719ca-refs/branch-heads/6422@{#1186}) on port 46263
Only local connections are allowed.
Please see https://chromedriver.chromium.org/security-considerations for suggestions on keeping ChromeDriver safe.
ChromeDriver was started successfully.
[1717798574.297][INFO]: [ef4cc89da1b59e28a2bba93d05add7ed] COMMAND InitSession {
   "capabilities": {
      "alwaysMatch": {
         "browserName": "chrome",
         "goog:chromeOptions": {
            "args": [ "headless", "no-sandbox", "disable-gpu" ]
         }
      },
      "firstMatch": [ {
      } ]
   }
}
[1717798574.297][INFO]: Browser search. Trying... /home/magus/Documents/GitHub/transrally.github.io/node_modules/chromedriver/lib/chromedriver/chrome
[1717798574.297][INFO]: Browser search. Trying... /home/magus/Documents/GitHub/transrally.github.io/node_modules/chromedriver/lib/chromedriver/chrome
[1717798574.297][INFO]: Browser search. Trying... /home/magus/Documents/GitHub/transrally.github.io/node_modules/chromedriver/lib/chromedriver/google-chrome
[1717798574.297][INFO]: Browser search. Trying... /home/magus/Documents/GitHub/transrally.github.io/node_modules/chromedriver/lib/chromedriver/chromium
[1717798574.297][INFO]: Browser search. Trying... /home/magus/Documents/GitHub/transrally.github.io/node_modules/chromedriver/lib/chromedriver/chromium-browser
[1717798574.297][INFO]: Browser search. Trying... /usr/local/sbin/chrome
[1717798574.297][INFO]: Browser search. Trying... /usr/local/bin/chrome
[1717798574.297][INFO]: Browser search. Trying... /usr/sbin/chrome
[1717798574.297][INFO]: Browser search. Trying... /usr/bin/chrome
[1717798574.297][INFO]: Browser search. Trying... /sbin/chrome
[1717798574.297][INFO]: Browser search. Trying... /bin/chrome
[1717798574.297][INFO]: Browser search. Trying... /opt/google/chrome/chrome
[1717798574.297][INFO]: Browser search. Found at  /opt/google/chrome/chrome
[1717798574.297][INFO]: Populating Preferences file: {
   "alternate_error_pages": {
      "enabled": false
   },
   "autofill": {
      "enabled": false
   },
   "browser": {
      "check_default_browser": false
   },
   "distribution": {
      "import_bookmarks": false,
      "import_history": false,
      "import_search_engine": false,
      "make_chrome_default_for_user": false,
      "skip_first_run_ui": true
   },
   "dns_prefetching": {
      "enabled": false
   },
   "profile": {
      "content_settings": {
         "pattern_pairs": {
            "https://*,*": {
               "media-stream": {
                  "audio": "Default",
                  "video": "Default"
               }
            }
         }
      },
      "default_content_setting_values": {
         "geolocation": 1
      },
      "default_content_settings": {
         "geolocation": 1,
         "mouselock": 1,
         "notifications": 1,
         "popups": 1,
         "ppapi-broker": 1
      },
      "password_manager_enabled": false
   },
   "safebrowsing": {
      "enabled": false
   },
   "search": {
      "suggest_enabled": false
   },
   "translate": {
      "enabled": false
   }
}
[1717798574.297][INFO]: Populating Local State file: {
   "background_mode": {
      "enabled": false
   },
   "ssl": {
      "rev_checking": {
         "enabled": false
      }
   }
}
[1717798574.297][INFO]: ChromeDriver supports communication with Chrome via pipes. This is more reliable and more secure.
[1717798574.297][INFO]: Use the --remote-debugging-pipe Chrome switch instead of the default --remote-debugging-port to enable this communication mode.
[1717798574.297][INFO]: Launching chrome: /opt/google/chrome/chrome --allow-pre-commit-input --disable-background-networking --disable-client-side-phishing-detection --disable-default-apps --disable-gpu --disable-hang-monitor --disable-popup-blocking --disable-prompt-on-repost --disable-sync --enable-automation --enable-logging=stderr --headless --log-level=0 --no-first-run --no-sandbox --no-service-autorun --password-store=basic --remote-debugging-port=0 --test-type=webdriver --use-mock-keychain --user-data-dir=/tmp/.org.chromium.Chromium.o3oeYG data:,
[0607/181614.311150:WARNING:chrome_main_linux.cc(80)] Read channel stable from /opt/google/chrome/CHROME_VERSION_EXTRA
[0607/181614.337985:INFO:config_dir_policy_loader.cc(118)] Skipping mandatory platform policies because no policy file was found at: /etc/opt/chrome/policies/managed
[0607/181614.337997:INFO:config_dir_policy_loader.cc(118)] Skipping recommended platform policies because no policy file was found at: /etc/opt/chrome/policies/recommended
[0607/181614.339785:ERROR:proxy_config_service_linux.cc(621)] inotify_init failed: Too many open files (24)

DevTools listening on ws://127.0.0.1:42597/devtools/browser/52b21adf-90f7-4692-98ca-04f33a663ef9
[0607/181614.345794:WARNING:bluez_dbus_manager.cc(248)] Floss manager not present, cannot set Floss enable/disable.
[1717798574.351][DEBUG]: DevTools HTTP Request: http://localhost:42597/json/version
[1717798574.353][DEBUG]: DevTools HTTP Response: {
   "Browser": "HeadlessChrome/125.0.6422.141",
   "Protocol-Version": "1.3",
   "User-Agent": "Mozilla/5.0 (X11; Linux x86_64) AppleWebKit/537.36 (KHTML, like Gecko) HeadlessChrome/125.0.6422.141 Safari/537.36",
   "V8-Version": "12.5.227.13",
   "WebKit-Version": "537.36 (@4b1e83937122185343ba92e909b021f307c719ca)",
   "webSocketDebuggerUrl": "ws://localhost:42597/devtools/browser/52b21adf-90f7-4692-98ca-04f33a663ef9"
}

[1717798574.353][DEBUG]: DevTools HTTP Request: http://localhost:42597/json/list
[1717798574.353][DEBUG]: DevTools HTTP Response: [ {
   "description": "",
   "devtoolsFrontendUrl": "/devtools/inspector.html?ws=localhost:42597/devtools/page/3C3EA06A13C19736585ECF4AFF8075DC",
   "id": "3C3EA06A13C19736585ECF4AFF8075DC",
   "title": "",
   "type": "page",
   "url": "data:,",
   "webSocketDebuggerUrl": "ws://localhost:42597/devtools/page/3C3EA06A13C19736585ECF4AFF8075DC"
} ]

[1717798574.354][INFO]: resolved localhost to ["::1","127.0.0.1"]
[1717798574.354][DEBUG]: DevTools WebSocket Command: Target.getTargets (id=1) (session_id=) browser {
}
[1717798574.354][DEBUG]: DevTools WebSocket Response: Target.getTargets (id=1) (session_id=) browser {
   "targetInfos": [ {
      "attached": false,
      "browserContextId": "BB93FEC8385E0F5836EC5B7E8B35F48B",
      "canAccessOpener": false,
      "targetId": "3C3EA06A13C19736585ECF4AFF8075DC",
      "title": "",
      "type": "page",
      "url": "data:,"
   } ]
}
[1717798574.354][DEBUG]: DevTools WebSocket Command: Target.attachToTarget (id=2) (session_id=) browser {
   "flatten": true,
   "targetId": "3C3EA06A13C19736585ECF4AFF8075DC"
}
[1717798574.354][DEBUG]: DevTools WebSocket Event: Target.attachedToTarget (session_id=) browser {
   "sessionId": "9AA211E8EBC37A668ECE8BC708265819",
   "targetInfo": {
      "attached": true,
      "browserContextId": "BB93FEC8385E0F5836EC5B7E8B35F48B",
      "canAccessOpener": false,
      "targetId": "3C3EA06A13C19736585ECF4AFF8075DC",
      "title": "",
      "type": "page",
      "url": "data:,"
   },
   "waitingForDebugger": false
}
[1717798574.354][DEBUG]: DevTools WebSocket Response: Target.attachToTarget (id=2) (session_id=) browser {
   "sessionId": "9AA211E8EBC37A668ECE8BC708265819"
}
[1717798574.354][DEBUG]: DevTools WebSocket Command: Page.enable (id=3) (session_id=9AA211E8EBC37A668ECE8BC708265819) 3C3EA06A13C19736585ECF4AFF8075DC {
}
[1717798574.354][DEBUG]: DevTools WebSocket Command: Page.addScriptToEvaluateOnNewDocument (id=4) (session_id=9AA211E8EBC37A668ECE8BC708265819) 3C3EA06A13C19736585ECF4AFF8075DC {
   "source": "(function () {window.cdc_adoQpoasnfa76pfcZLmcfl_Array = window.Array;window.cdc_adoQpoasnfa76pfcZLmcfl_Object = window.Object;window.cdc_adoQpoasnfa76pfcZLmcfl_Promise = window.Promise;window.cdc_a..."
}
[1717798574.354][DEBUG]: DevTools WebSocket Command: Runtime.evaluate (id=5) (session_id=9AA211E8EBC37A668ECE8BC708265819) 3C3EA06A13C19736585ECF4AFF8075DC {
   "expression": "(function () {window.cdc_adoQpoasnfa76pfcZLmcfl_Array = window.Array;window.cdc_adoQpoasnfa76pfcZLmcfl_Object = window.Object;window.cdc_adoQpoasnfa76pfcZLmcfl_Promise = window.Promise;window.cdc_a..."
}
[1717798574.354][DEBUG]: DevTools WebSocket Command: Log.enable (id=6) (session_id=9AA211E8EBC37A668ECE8BC708265819) 3C3EA06A13C19736585ECF4AFF8075DC {
}
[1717798574.354][DEBUG]: DevTools WebSocket Command: Target.setAutoAttach (id=7) (session_id=9AA211E8EBC37A668ECE8BC708265819) 3C3EA06A13C19736585ECF4AFF8075DC {
   "autoAttach": true,
   "flatten": true,
   "waitForDebuggerOnStart": false
}
[1717798574.354][DEBUG]: DevTools WebSocket Response: Target.setAutoAttach (id=7) (session_id=9AA211E8EBC37A668ECE8BC708265819) 3C3EA06A13C19736585ECF4AFF8075DC {
}
[1717798574.354][DEBUG]: DevTools WebSocket Command: Runtime.enable (id=8) (session_id=9AA211E8EBC37A668ECE8BC708265819) 3C3EA06A13C19736585ECF4AFF8075DC {
}
[0607/181614.356927:ERROR:file_path_watcher_inotify.cc(337)] inotify_init() failed: Too many open files (24)
[0607/181614.422045:WARNING:vaapi_wrapper.cc(1542)] Skipping nVidia device named: nvidia-drm
[0607/181614.422180:WARNING:vaapi_wrapper.cc(1542)] Skipping nVidia device named: nvidia-drm
[0607/181614.423897:WARNING:sandbox_linux.cc(436)] InitializeSandbox() called with multiple threads in process gpu-process.
[1717798574.428][DEBUG]: DevTools WebSocket Event: Page.frameStoppedLoading (session_id=9AA211E8EBC37A668ECE8BC708265819) 3C3EA06A13C19736585ECF4AFF8075DC {
   "frameId": "3C3EA06A13C19736585ECF4AFF8075DC"
}
[1717798574.429][DEBUG]: DevTools WebSocket Response: Page.enable (id=3) (session_id=9AA211E8EBC37A668ECE8BC708265819) 3C3EA06A13C19736585ECF4AFF8075DC {
}
[1717798574.429][DEBUG]: DevTools WebSocket Response: Page.addScriptToEvaluateOnNewDocument (id=4) (session_id=9AA211E8EBC37A668ECE8BC708265819) 3C3EA06A13C19736585ECF4AFF8075DC {
   "identifier": "1"
}
[1717798574.429][DEBUG]: DevTools WebSocket Response: Runtime.evaluate (id=5) (session_id=9AA211E8EBC37A668ECE8BC708265819) 3C3EA06A13C19736585ECF4AFF8075DC {
   "result": {
      "type": "undefined"
   }
}
[1717798574.429][DEBUG]: DevTools WebSocket Response: Log.enable (id=6) (session_id=9AA211E8EBC37A668ECE8BC708265819) 3C3EA06A13C19736585ECF4AFF8075DC {
}
[1717798574.429][DEBUG]: DevTools WebSocket Event: Runtime.executionContextCreated (session_id=9AA211E8EBC37A668ECE8BC708265819) 3C3EA06A13C19736585ECF4AFF8075DC {
   "context": {
      "auxData": {
         "frameId": "3C3EA06A13C19736585ECF4AFF8075DC",
         "isDefault": true,
         "type": "default"
      },
      "id": 1,
      "name": "",
      "origin": "://",
      "uniqueId": "4051366677873209558.4155676465049236141"
   }
}
[1717798574.430][DEBUG]: DevTools WebSocket Response: Runtime.enable (id=8) (session_id=9AA211E8EBC37A668ECE8BC708265819) 3C3EA06A13C19736585ECF4AFF8075DC {
}
[1717798574.430][DEBUG]: DevTools WebSocket Command: Runtime.enable (id=9) (session_id=9AA211E8EBC37A668ECE8BC708265819) 3C3EA06A13C19736585ECF4AFF8075DC {
}
[1717798574.430][DEBUG]: DevTools WebSocket Response: Runtime.enable (id=9) (session_id=9AA211E8EBC37A668ECE8BC708265819) 3C3EA06A13C19736585ECF4AFF8075DC {
}
[1717798574.430][DEBUG]: DevTools WebSocket Command: Browser.setDownloadBehavior (id=10) (session_id=9AA211E8EBC37A668ECE8BC708265819) 3C3EA06A13C19736585ECF4AFF8075DC {
   "behavior": "allow",
   "downloadPath": "."
}
[1717798574.430][DEBUG]: DevTools WebSocket Response: Browser.setDownloadBehavior (id=10) (session_id=9AA211E8EBC37A668ECE8BC708265819) 3C3EA06A13C19736585ECF4AFF8075DC {
}
[1717798574.430][INFO]: [ef4cc89da1b59e28a2bba93d05add7ed] RESPONSE InitSession {
   "capabilities": {
      "acceptInsecureCerts": false,
      "browserName": "chrome-headless-shell",
      "browserVersion": "125.0.6422.141",
      "chrome": {
         "chromedriverVersion": "125.0.6422.141 (4b1e83937122185343ba92e909b021f307c719ca-refs/branch-heads/6422@{#1186})",
         "userDataDir": "/tmp/.org.chromium.Chromium.o3oeYG"
      },
      "fedcm:accounts": true,
      "goog:chromeOptions": {
         "debuggerAddress": "localhost:42597"
      },
      "networkConnectionEnabled": false,
      "pageLoadStrategy": "normal",
      "platformName": "linux",
      "proxy": {
      },
      "setWindowRect": true,
      "strictFileInteractability": false,
      "timeouts": {
         "implicit": 0,
         "pageLoad": 300000,
         "script": 30000
      },
      "unhandledPromptBehavior": "dismiss and notify",
      "webauthn:extension:credBlob": true,
      "webauthn:extension:largeBlob": true,
      "webauthn:extension:minPinLength": true,
      "webauthn:extension:prf": true,
      "webauthn:virtualAuthenticators": true
   },
   "sessionId": "ef4cc89da1b59e28a2bba93d05add7ed"
}
[1717798574.440][INFO]: [ef4cc89da1b59e28a2bba93d05add7ed] COMMAND Quit {
}
[1717798574.490][INFO]: [ef4cc89da1b59e28a2bba93d05add7ed] RESPONSE Quit
[1717798574.490][DEBUG]: Log type 'driver' lost 0 entries on destruction
[1717798574.490][DEBUG]: Log type 'browser' lost 0 entries on destruction
